<?xml version="1.0" encoding="UTF-8"?>
<!-- Generated by org.testng.reporters.JUnitReportReporter -->
<testsuite hostname="DESKTOP-JHMLI0H" failures="0" tests="1"
	name="com.actitime.testscript.CustomerModule" time="0.000" errors="0"
	timestamp="2024-01-11T19:30:29 IST" skipped="1">
	<testcase classname="com.actitime.testscript.CustomerModule"
		name="testCreateCustomer" time="0.000">
		<skipped />
	</testcase> <!-- testCreateCustomer -->
	<system-out>
    <![CDATA[open browser]]>
  </system-out>
</testsuite> <!--
com.actitime.testscript.CustomerModule -->
